c:\users\noxiepc\documents\proyecto-final-mavi2\proyecto final mavi2\proyecto final mavi2\x64\debug\vc143.pdb
c:\users\noxiepc\documents\proyecto-final-mavi2\proyecto final mavi2\proyecto final mavi2\x64\debug\vc143.idb
c:\users\noxiepc\documents\proyecto-final-mavi2\proyecto final mavi2\proyecto final mavi2\x64\debug\main.obj
c:\users\noxiepc\documents\proyecto-final-mavi2\proyecto final mavi2\proyecto final mavi2\x64\debug\game.obj
c:\users\noxiepc\documents\proyecto-final-mavi2\proyecto final mavi2\proyecto final mavi2\x64\debug\avatar.obj
c:\users\noxiepc\documents\proyecto-final-mavi2\proyecto final mavi2\proyecto final mavi2\x64\debug\ragdoll.obj
c:\users\noxiepc\documents\proyecto-final-mavi2\proyecto final mavi2\proyecto final mavi2\x64\debug\box.obj
c:\users\noxiepc\documents\proyecto-final-mavi2\proyecto final mavi2\proyecto final mavi2\x64\debug\floor.obj
c:\users\noxiepc\documents\proyecto-final-mavi2\proyecto final mavi2\proyecto final mavi2\x64\debug\canon.obj
c:\users\noxiepc\documents\proyecto-final-mavi2\proyecto final mavi2\proyecto final mavi2\x64\debug\contaclistener.obj
c:\users\noxiepc\documents\proyecto-final-mavi2\proyecto final mavi2\x64\debug\proyecto final mavi2.exe
c:\users\noxiepc\documents\proyecto-final-mavi2\proyecto final mavi2\x64\debug\proyecto final mavi2.pdb
c:\users\noxiepc\documents\proyecto-final-mavi2\proyecto final mavi2\proyecto final mavi2\x64\debug\proyecto final mavi2.ilk
c:\users\noxiepc\documents\proyecto-final-mavi2\proyecto final mavi2\proyecto final mavi2\x64\debug\collisionobject.obj
c:\users\noxiepc\documents\proyecto-final-mavi2\proyecto final mavi2\proyecto final mavi2\x64\debug\contactlistener.obj
c:\users\noxiepc\documents\proyecto-final-mavi2\proyecto final mavi2\proyecto final mavi2\x64\debug\proyecto.79b844b2.tlog\cl.command.1.tlog
c:\users\noxiepc\documents\proyecto-final-mavi2\proyecto final mavi2\proyecto final mavi2\x64\debug\proyecto.79b844b2.tlog\cl.items.tlog
c:\users\noxiepc\documents\proyecto-final-mavi2\proyecto final mavi2\proyecto final mavi2\x64\debug\proyecto.79b844b2.tlog\cl.read.1.tlog
c:\users\noxiepc\documents\proyecto-final-mavi2\proyecto final mavi2\proyecto final mavi2\x64\debug\proyecto.79b844b2.tlog\cl.write.1.tlog
c:\users\noxiepc\documents\proyecto-final-mavi2\proyecto final mavi2\proyecto final mavi2\x64\debug\proyecto.79b844b2.tlog\link.command.1.tlog
c:\users\noxiepc\documents\proyecto-final-mavi2\proyecto final mavi2\proyecto final mavi2\x64\debug\proyecto.79b844b2.tlog\link.read.1.tlog
c:\users\noxiepc\documents\proyecto-final-mavi2\proyecto final mavi2\proyecto final mavi2\x64\debug\proyecto.79b844b2.tlog\link.secondary.1.tlog
c:\users\noxiepc\documents\proyecto-final-mavi2\proyecto final mavi2\proyecto final mavi2\x64\debug\proyecto.79b844b2.tlog\link.write.1.tlog
