  ContacListener.cpp
  Game.cpp
C:\Users\NoxiePC\Documents\Proyecto-Final-MAVI2\Proyecto Final MAVI2\Proyecto Final MAVI2\Game.cpp(7,29): warning C4244: 'argumento': conversión de 'float' a 'unsigned int'; posible pérdida de datos
  Main.cpp
  UI.cpp
C:\Users\NoxiePC\Documents\Proyecto-Final-MAVI2\Proyecto Final MAVI2\Proyecto Final MAVI2\UI.cpp(36,54): warning C4244: 'argumento': conversión de 'int' a 'T'; posible pérdida de datos
C:\Users\NoxiePC\Documents\Proyecto-Final-MAVI2\Proyecto Final MAVI2\Proyecto Final MAVI2\UI.cpp(36,54): warning C4244:         with
C:\Users\NoxiePC\Documents\Proyecto-Final-MAVI2\Proyecto Final MAVI2\Proyecto Final MAVI2\UI.cpp(36,54): warning C4244:         [
C:\Users\NoxiePC\Documents\Proyecto-Final-MAVI2\Proyecto Final MAVI2\Proyecto Final MAVI2\UI.cpp(36,54): warning C4244:             T=float
C:\Users\NoxiePC\Documents\Proyecto-Final-MAVI2\Proyecto Final MAVI2\Proyecto Final MAVI2\UI.cpp(36,54): warning C4244:         ]
C:\Users\NoxiePC\Documents\Proyecto-Final-MAVI2\Proyecto Final MAVI2\Proyecto Final MAVI2\UI.cpp(36,51): warning C4244: 'argumento': conversión de 'int' a 'T'; posible pérdida de datos
C:\Users\NoxiePC\Documents\Proyecto-Final-MAVI2\Proyecto Final MAVI2\Proyecto Final MAVI2\UI.cpp(36,51): warning C4244:         with
C:\Users\NoxiePC\Documents\Proyecto-Final-MAVI2\Proyecto Final MAVI2\Proyecto Final MAVI2\UI.cpp(36,51): warning C4244:         [
C:\Users\NoxiePC\Documents\Proyecto-Final-MAVI2\Proyecto Final MAVI2\Proyecto Final MAVI2\UI.cpp(36,51): warning C4244:             T=float
C:\Users\NoxiePC\Documents\Proyecto-Final-MAVI2\Proyecto Final MAVI2\Proyecto Final MAVI2\UI.cpp(36,51): warning C4244:         ]
C:\Users\NoxiePC\Documents\Proyecto-Final-MAVI2\Proyecto Final MAVI2\Proyecto Final MAVI2\UI.cpp(41,54): warning C4244: 'argumento': conversión de 'int' a 'T'; posible pérdida de datos
C:\Users\NoxiePC\Documents\Proyecto-Final-MAVI2\Proyecto Final MAVI2\Proyecto Final MAVI2\UI.cpp(41,54): warning C4244:         with
C:\Users\NoxiePC\Documents\Proyecto-Final-MAVI2\Proyecto Final MAVI2\Proyecto Final MAVI2\UI.cpp(41,54): warning C4244:         [
C:\Users\NoxiePC\Documents\Proyecto-Final-MAVI2\Proyecto Final MAVI2\Proyecto Final MAVI2\UI.cpp(41,54): warning C4244:             T=float
C:\Users\NoxiePC\Documents\Proyecto-Final-MAVI2\Proyecto Final MAVI2\Proyecto Final MAVI2\UI.cpp(41,54): warning C4244:         ]
C:\Users\NoxiePC\Documents\Proyecto-Final-MAVI2\Proyecto Final MAVI2\Proyecto Final MAVI2\UI.cpp(41,51): warning C4244: 'argumento': conversión de 'int' a 'T'; posible pérdida de datos
C:\Users\NoxiePC\Documents\Proyecto-Final-MAVI2\Proyecto Final MAVI2\Proyecto Final MAVI2\UI.cpp(41,51): warning C4244:         with
C:\Users\NoxiePC\Documents\Proyecto-Final-MAVI2\Proyecto Final MAVI2\Proyecto Final MAVI2\UI.cpp(41,51): warning C4244:         [
C:\Users\NoxiePC\Documents\Proyecto-Final-MAVI2\Proyecto Final MAVI2\Proyecto Final MAVI2\UI.cpp(41,51): warning C4244:             T=float
C:\Users\NoxiePC\Documents\Proyecto-Final-MAVI2\Proyecto Final MAVI2\Proyecto Final MAVI2\UI.cpp(41,51): warning C4244:         ]
C:\Users\NoxiePC\Documents\Proyecto-Final-MAVI2\Proyecto Final MAVI2\Proyecto Final MAVI2\UI.cpp(46,59): warning C4244: 'argumento': conversión de 'int' a 'T'; posible pérdida de datos
C:\Users\NoxiePC\Documents\Proyecto-Final-MAVI2\Proyecto Final MAVI2\Proyecto Final MAVI2\UI.cpp(46,59): warning C4244:         with
C:\Users\NoxiePC\Documents\Proyecto-Final-MAVI2\Proyecto Final MAVI2\Proyecto Final MAVI2\UI.cpp(46,59): warning C4244:         [
C:\Users\NoxiePC\Documents\Proyecto-Final-MAVI2\Proyecto Final MAVI2\Proyecto Final MAVI2\UI.cpp(46,59): warning C4244:             T=float
C:\Users\NoxiePC\Documents\Proyecto-Final-MAVI2\Proyecto Final MAVI2\Proyecto Final MAVI2\UI.cpp(46,59): warning C4244:         ]
C:\Users\NoxiePC\Documents\Proyecto-Final-MAVI2\Proyecto Final MAVI2\Proyecto Final MAVI2\UI.cpp(46,56): warning C4244: 'argumento': conversión de 'int' a 'T'; posible pérdida de datos
C:\Users\NoxiePC\Documents\Proyecto-Final-MAVI2\Proyecto Final MAVI2\Proyecto Final MAVI2\UI.cpp(46,56): warning C4244:         with
C:\Users\NoxiePC\Documents\Proyecto-Final-MAVI2\Proyecto Final MAVI2\Proyecto Final MAVI2\UI.cpp(46,56): warning C4244:         [
C:\Users\NoxiePC\Documents\Proyecto-Final-MAVI2\Proyecto Final MAVI2\Proyecto Final MAVI2\UI.cpp(46,56): warning C4244:             T=float
C:\Users\NoxiePC\Documents\Proyecto-Final-MAVI2\Proyecto Final MAVI2\Proyecto Final MAVI2\UI.cpp(46,56): warning C4244:         ]
C:\Users\NoxiePC\Documents\Proyecto-Final-MAVI2\Proyecto Final MAVI2\Proyecto Final MAVI2\UI.cpp(127,83): warning C4244: 'argumento': conversión de 'T' a 'float'; posible pérdida de datos
C:\Users\NoxiePC\Documents\Proyecto-Final-MAVI2\Proyecto Final MAVI2\Proyecto Final MAVI2\UI.cpp(127,83): warning C4244:         with
C:\Users\NoxiePC\Documents\Proyecto-Final-MAVI2\Proyecto Final MAVI2\Proyecto Final MAVI2\UI.cpp(127,83): warning C4244:         [
C:\Users\NoxiePC\Documents\Proyecto-Final-MAVI2\Proyecto Final MAVI2\Proyecto Final MAVI2\UI.cpp(127,83): warning C4244:             T=unsigned int
C:\Users\NoxiePC\Documents\Proyecto-Final-MAVI2\Proyecto Final MAVI2\Proyecto Final MAVI2\UI.cpp(127,83): warning C4244:         ]
C:\Users\NoxiePC\Documents\Proyecto-Final-MAVI2\Proyecto Final MAVI2\Proyecto Final MAVI2\UI.cpp(127,52): warning C4244: 'argumento': conversión de 'T' a 'float'; posible pérdida de datos
C:\Users\NoxiePC\Documents\Proyecto-Final-MAVI2\Proyecto Final MAVI2\Proyecto Final MAVI2\UI.cpp(127,52): warning C4244:         with
C:\Users\NoxiePC\Documents\Proyecto-Final-MAVI2\Proyecto Final MAVI2\Proyecto Final MAVI2\UI.cpp(127,52): warning C4244:         [
C:\Users\NoxiePC\Documents\Proyecto-Final-MAVI2\Proyecto Final MAVI2\Proyecto Final MAVI2\UI.cpp(127,52): warning C4244:             T=unsigned int
C:\Users\NoxiePC\Documents\Proyecto-Final-MAVI2\Proyecto Final MAVI2\Proyecto Final MAVI2\UI.cpp(127,52): warning C4244:         ]
  Generando código...
  Proyecto Final MAVI2.vcxproj -> C:\Users\NoxiePC\Documents\Proyecto-Final-MAVI2\Proyecto Final MAVI2\x64\Debug\Proyecto Final MAVI2.exe
